<?xml version="1.0" encoding="UTF-8"?>
<testng-results ignored="0" total="4" passed="3" failed="1" skipped="0">
  <reporter-output>
  </reporter-output>
  <suite started-at="2023-06-22T16:57:21 IST" name="cra_parallel" finished-at="2023-06-22T16:57:25 IST" duration-ms="3771">
    <groups>
    </groups>
    <test started-at="2023-06-22T16:57:21 IST" name="Test" finished-at="2023-06-22T16:57:25 IST" duration-ms="3771">
      <class name="TestObject.test_url_title">
        <test-method is-config="true" signature="setup()[pri:0, instance:TestObject.test_url_title@3cc2931c]" started-at="2023-06-22T16:57:21 IST" name="setup" finished-at="2023-06-22T16:57:25 IST" duration-ms="3322" status="PASS">
          <reporter-output>
          </reporter-output>
        </test-method> <!-- setup -->
        <test-method is-config="true" signature="setup()[pri:0, instance:TestObject.test_url_title@3cc2931c]" started-at="2023-06-22T16:57:21 IST" name="setup" finished-at="2023-06-22T16:57:25 IST" duration-ms="3307" status="PASS">
          <reporter-output>
          </reporter-output>
        </test-method> <!-- setup -->
        <test-method signature="test_title()[pri:0, instance:TestObject.test_url_title@3cc2931c]" started-at="2023-06-22T16:57:25 IST" name="test_title" finished-at="2023-06-22T16:57:25 IST" duration-ms="8" status="FAIL">
          <exception class="java.lang.AssertionError">
            <message>
              <![CDATA[expected [eNPS - National Pension System 123] but found [eNPS - National Pension System]]]>
            </message>
            <full-stacktrace>
              <![CDATA[java.lang.AssertionError: expected [eNPS - National Pension System 123] but found [eNPS - National Pension System]
at org.testng.Assert.fail(Assert.java:97)
at org.testng.Assert.assertEqualsImpl(Assert.java:136)
at org.testng.Assert.assertEquals(Assert.java:118)
at org.testng.Assert.assertEquals(Assert.java:575)
at org.testng.Assert.assertEquals(Assert.java:585)
at TestObject.test_url_title.test_title(test_url_title.java:37)
at java.base/jdk.internal.reflect.DirectMethodHandleAccessor.invoke(DirectMethodHandleAccessor.java:104)
at java.base/java.lang.reflect.Method.invoke(Method.java:577)
at org.testng.internal.MethodInvocationHelper.invokeMethod(MethodInvocationHelper.java:134)
at org.testng.internal.TestInvoker.invokeMethod(TestInvoker.java:597)
at org.testng.internal.TestInvoker.invokeTestMethod(TestInvoker.java:173)
at org.testng.internal.MethodRunner.runInSequence(MethodRunner.java:46)
at org.testng.internal.TestInvoker$MethodInvocationAgent.invoke(TestInvoker.java:816)
at org.testng.internal.TestInvoker.invokeTestMethods(TestInvoker.java:146)
at org.testng.internal.TestMethodWorker.invokeTestMethods(TestMethodWorker.java:146)
at org.testng.internal.TestMethodWorker.run(TestMethodWorker.java:128)
at java.base/java.util.concurrent.ThreadPoolExecutor.runWorker(ThreadPoolExecutor.java:1136)
at java.base/java.util.concurrent.ThreadPoolExecutor$Worker.run(ThreadPoolExecutor.java:635)
at java.base/java.lang.Thread.run(Thread.java:833)
]]>
            </full-stacktrace>
          </exception> <!-- java.lang.AssertionError -->
          <reporter-output>
          </reporter-output>
        </test-method> <!-- test_title -->
        <test-method signature="test_url()[pri:0, instance:TestObject.test_url_title@3cc2931c]" started-at="2023-06-22T16:57:25 IST" name="test_url" finished-at="2023-06-22T16:57:25 IST" duration-ms="10" status="PASS">
          <reporter-output>
          </reporter-output>
        </test-method> <!-- test_url -->
        <test-method is-config="true" signature="tearDown()[pri:0, instance:TestObject.test_url_title@3cc2931c]" started-at="2023-06-22T16:57:25 IST" name="tearDown" finished-at="2023-06-22T16:57:25 IST" duration-ms="76" status="PASS">
          <reporter-output>
          </reporter-output>
        </test-method> <!-- tearDown -->
        <test-method is-config="true" signature="tearDown()[pri:0, instance:TestObject.test_url_title@3cc2931c]" started-at="2023-06-22T16:57:25 IST" name="tearDown" finished-at="2023-06-22T16:57:25 IST" duration-ms="74" status="PASS">
          <reporter-output>
          </reporter-output>
        </test-method> <!-- tearDown -->
      </class> <!-- TestObject.test_url_title -->
      <class name="TestObject.sample_test">
        <test-method is-config="true" signature="setup()[pri:0, instance:TestObject.sample_test@59d016c9]" started-at="2023-06-22T16:57:21 IST" name="setup" finished-at="2023-06-22T16:57:25 IST" duration-ms="3322" status="PASS">
          <reporter-output>
          </reporter-output>
        </test-method> <!-- setup -->
        <test-method is-config="true" signature="setup()[pri:0, instance:TestObject.sample_test@59d016c9]" started-at="2023-06-22T16:57:21 IST" name="setup" finished-at="2023-06-22T16:57:25 IST" duration-ms="3291" status="PASS">
          <reporter-output>
          </reporter-output>
        </test-method> <!-- setup -->
        <test-method signature="test()[pri:0, instance:TestObject.sample_test@59d016c9]" started-at="2023-06-22T16:57:25 IST" name="test" finished-at="2023-06-22T16:57:25 IST" duration-ms="304" status="PASS">
          <reporter-output>
          </reporter-output>
        </test-method> <!-- test -->
        <test-method signature="test1()[pri:0, instance:TestObject.sample_test@59d016c9]" started-at="2023-06-22T16:57:25 IST" name="test1" finished-at="2023-06-22T16:57:25 IST" duration-ms="0" status="PASS">
          <reporter-output>
          </reporter-output>
        </test-method> <!-- test1 -->
      </class> <!-- TestObject.sample_test -->
    </test> <!-- Test -->
  </suite> <!-- cra_parallel -->
</testng-results>
