<?xml version="1.0" encoding="UTF-8"?>
<testng-results ignored="0" total="4" passed="3" failed="1" skipped="0">
  <reporter-output>
  </reporter-output>
  <suite started-at="2023-06-23T13:21:23 IST" name="cra_parallel" finished-at="2023-06-23T13:21:33 IST" duration-ms="10259">
    <groups>
    </groups>
    <test started-at="2023-06-23T13:21:23 IST" name="Test" finished-at="2023-06-23T13:21:33 IST" duration-ms="10259">
      <class name="TestObject.sample_test">
        <test-method is-config="true" signature="setup()[pri:0, instance:TestObject.sample_test@130d63be]" started-at="2023-06-23T13:21:23 IST" name="setup" finished-at="2023-06-23T13:21:27 IST" duration-ms="3478" status="PASS">
          <reporter-output>
          </reporter-output>
        </test-method> <!-- setup -->
        <test-method signature="test1()[pri:0, instance:TestObject.sample_test@130d63be]" started-at="2023-06-23T13:21:27 IST" name="test1" finished-at="2023-06-23T13:21:27 IST" duration-ms="10" status="PASS">
          <reporter-output>
          </reporter-output>
        </test-method> <!-- test1 -->
        <test-method is-config="true" signature="tearDown()[pri:0, instance:TestObject.sample_test@130d63be]" started-at="2023-06-23T13:21:27 IST" name="tearDown" finished-at="2023-06-23T13:21:27 IST" duration-ms="90" status="PASS">
          <reporter-output>
          </reporter-output>
        </test-method> <!-- tearDown -->
        <test-method is-config="true" signature="setup()[pri:0, instance:TestObject.sample_test@130d63be]" started-at="2023-06-23T13:21:27 IST" name="setup" finished-at="2023-06-23T13:21:29 IST" duration-ms="1945" status="PASS">
          <reporter-output>
          </reporter-output>
        </test-method> <!-- setup -->
        <test-method signature="test_click_NPS()[pri:0, instance:TestObject.sample_test@130d63be]" started-at="2023-06-23T13:21:29 IST" name="test_click_NPS" finished-at="2023-06-23T13:21:29 IST" duration-ms="279" status="PASS">
          <reporter-output>
          </reporter-output>
        </test-method> <!-- test_click_NPS -->
        <test-method is-config="true" signature="tearDown()[pri:0, instance:TestObject.sample_test@130d63be]" started-at="2023-06-23T13:21:29 IST" name="tearDown" finished-at="2023-06-23T13:21:29 IST" duration-ms="79" status="PASS">
          <reporter-output>
          </reporter-output>
        </test-method> <!-- tearDown -->
        <test-method is-config="true" signature="setup()[pri:0, instance:TestObject.sample_test@130d63be]" started-at="2023-06-23T13:21:29 IST" name="setup" finished-at="2023-06-23T13:21:31 IST" duration-ms="1906" status="PASS">
          <reporter-output>
          </reporter-output>
        </test-method> <!-- setup -->
        <test-method signature="test_title()[pri:0, instance:TestObject.sample_test@130d63be]" started-at="2023-06-23T13:21:31 IST" name="test_title" finished-at="2023-06-23T13:21:31 IST" duration-ms="8" status="FAIL">
          <exception class="java.lang.AssertionError">
            <message>
              <![CDATA[expected [eNPS - National Pension System 123] but found [eNPS - National Pension System]]]>
            </message>
            <full-stacktrace>
              <![CDATA[java.lang.AssertionError: expected [eNPS - National Pension System 123] but found [eNPS - National Pension System]
at org.testng.Assert.fail(Assert.java:99)
at org.testng.Assert.failNotEquals(Assert.java:1037)
at org.testng.Assert.assertEqualsImpl(Assert.java:140)
at org.testng.Assert.assertEquals(Assert.java:122)
at org.testng.Assert.assertEquals(Assert.java:629)
at org.testng.Assert.assertEquals(Assert.java:639)
at TestObject.sample_test.test_title(sample_test.java:61)
at java.base/jdk.internal.reflect.DirectMethodHandleAccessor.invoke(DirectMethodHandleAccessor.java:104)
at java.base/java.lang.reflect.Method.invoke(Method.java:577)
at org.testng.internal.MethodInvocationHelper.invokeMethod(MethodInvocationHelper.java:133)
at org.testng.internal.TestInvoker.invokeMethod(TestInvoker.java:598)
at org.testng.internal.TestInvoker.invokeTestMethod(TestInvoker.java:173)
at org.testng.internal.MethodRunner.runInSequence(MethodRunner.java:46)
at org.testng.internal.TestInvoker$MethodInvocationAgent.invoke(TestInvoker.java:824)
at org.testng.internal.TestInvoker.invokeTestMethods(TestInvoker.java:146)
at org.testng.internal.TestMethodWorker.invokeTestMethods(TestMethodWorker.java:146)
at org.testng.internal.TestMethodWorker.run(TestMethodWorker.java:128)
at java.base/java.util.ArrayList.forEach(ArrayList.java:1511)
at org.testng.TestRunner.privateRun(TestRunner.java:794)
at org.testng.TestRunner.run(TestRunner.java:596)
at org.testng.SuiteRunner.runTest(SuiteRunner.java:377)
at org.testng.SuiteRunner.runSequentially(SuiteRunner.java:371)
at org.testng.SuiteRunner.privateRun(SuiteRunner.java:332)
at org.testng.SuiteRunner.run(SuiteRunner.java:276)
at org.testng.SuiteRunnerWorker.runSuite(SuiteRunnerWorker.java:53)
at org.testng.SuiteRunnerWorker.run(SuiteRunnerWorker.java:96)
at org.testng.TestNG.runSuitesSequentially(TestNG.java:1212)
at org.testng.TestNG.runSuitesLocally(TestNG.java:1134)
at org.testng.TestNG.runSuites(TestNG.java:1063)
at org.testng.TestNG.run(TestNG.java:1031)
at org.testng.remote.AbstractRemoteTestNG.run(AbstractRemoteTestNG.java:115)
at org.testng.remote.RemoteTestNG.initAndRun(RemoteTestNG.java:251)
at org.testng.remote.RemoteTestNG.main(RemoteTestNG.java:77)
]]>
            </full-stacktrace>
          </exception> <!-- java.lang.AssertionError -->
          <reporter-output>
          </reporter-output>
        </test-method> <!-- test_title -->
        <test-method is-config="true" signature="tearDown()[pri:0, instance:TestObject.sample_test@130d63be]" started-at="2023-06-23T13:21:31 IST" name="tearDown" finished-at="2023-06-23T13:21:31 IST" duration-ms="79" status="PASS">
          <reporter-output>
          </reporter-output>
        </test-method> <!-- tearDown -->
        <test-method is-config="true" signature="setup()[pri:0, instance:TestObject.sample_test@130d63be]" started-at="2023-06-23T13:21:31 IST" name="setup" finished-at="2023-06-23T13:21:33 IST" duration-ms="1900" status="PASS">
          <reporter-output>
          </reporter-output>
        </test-method> <!-- setup -->
        <test-method signature="test_url()[pri:0, instance:TestObject.sample_test@130d63be]" started-at="2023-06-23T13:21:33 IST" name="test_url" finished-at="2023-06-23T13:21:33 IST" duration-ms="7" status="PASS">
          <reporter-output>
          </reporter-output>
        </test-method> <!-- test_url -->
        <test-method is-config="true" signature="tearDown()[pri:0, instance:TestObject.sample_test@130d63be]" started-at="2023-06-23T13:21:33 IST" name="tearDown" finished-at="2023-06-23T13:21:33 IST" duration-ms="75" status="PASS">
          <reporter-output>
          </reporter-output>
        </test-method> <!-- tearDown -->
      </class> <!-- TestObject.sample_test -->
    </test> <!-- Test -->
  </suite> <!-- cra_parallel -->
</testng-results>
